Fuentes/Implementacion/LCQNV/app/build/outputs/mapping/release/seeds.txt
com.example.lascosasquenovemos.PruebaLeerBD
com.example.lascosasquenovemos.PruebaEscribirBD
com.example.lascosasquenovemos.PruebaElemsAndroid
com.example.lascosasquenovemos.PruebaEscribirBD: PruebaEscribirBD()
com.example.lascosasquenovemos.PruebaElemsAndroid: PruebaElemsAndroid()
com.example.lascosasquenovemos.PruebaLeerBD: PruebaLeerBD()
...
com.google.android.material.button.MaterialButton: void setBackgroundResource(int)
androidx.constraintlayout.core.SolverVariable$Type: androidx.constraintlayout.core.SolverVariable$Type valueOf(java.lang.String)
androidx.appcompat.app.AppCompatActivity: void setContentView(android.view.View)
androidx.appcompat.widget.Toolbar: int getCurrentContentInsetStart()
androidx.appcompat.widget.LinearLayoutCompat: int getOrientation()
androidx.appcompat.widget.Toolbar: android.widget.TextView getTitleTextView()
com.google.android.material.button.MaterialButton: void setSupportBackgroundTintMode(android.graphics.PorterDuff$Mode)
com.google.android.material.textfield.TextInputLayout: android.content.res.ColorStateList getCounterOverflowTextColor()
androidx.appcompat.widget.ActionBarOverlayLayout: void setWindowCallback(android.view.Window$Callback)
androidx.appcompat.widget.AppCompatSpinner: void setAdapter(android.widget.SpinnerAdapter)
com.google.android.material.chip.Chip: java.lang.CharSequence getCloseIconContentDescription()
androidx.appcompat.widget.LinearLayoutCompat: LinearLayoutCompat(android.content.Context,android.util.AttributeSet,int)
androidx.appcompat.widget.SearchView: int getPreferredHeight()
androidx.appcompat.widget.ActionMenuView: void setOverflowReserved(boolean)
androidx.appcompat.widget.Toolbar: void setTitle(java.lang.CharSequence)
com.google.firebase.database.snapshot.Node$HashVersion: com.google.firebase.database.snapshot.Node$HashVersion valueOf(java.lang.String)
com.google.android.material.textfield.MaterialAutoCompleteTextView: void setAdapter(android.widget.ListAdapter)
com.google.android.gms.dynamite.DynamiteModule$DynamiteLoaderClassLoader: DynamiteModule$DynamiteLoaderClassLoader()
androidx.appcompat.widget.LinearLayoutCompat: void setDividerPadding(int)
com.google.android.material.chip.Chip: void setCheckedIconEnabled(boolean)
com.google.android.gms.measurement.internal.AppMeasurementDynamiteService: void getMaxUserProperties(java.lang.String,com.google.android.gms.internal.measurement.zzcf)
com.google.android.gms.measurement.internal.AppMeasurementDynamiteService: void onActivitySaveInstanceState(com.google.android.gms.dynamic.IObjectWrapper,com.google.android.gms.internal.measurement.zzcf,long)
androidx.emoji2.text.EmojiCompatInitializer: EmojiCompatInitializer()
androidx.constraintlayout.core.widgets.ConstraintWidget$DimensionBehaviour: androidx.constraintlayout.core.widgets.ConstraintWidget$DimensionBehaviour[] values()
androidx.core.content.ContextCompat$Api23Impl: java.lang.Object getSystemService(android.content.Context,java.lang.Class)
com.google.firebase.appcheck.FirebaseAppCheckRegistrar: FirebaseAppCheckRegistrar()
androidx.appcompat.widget.ActionMenuView: ActionMenuView(android.content.Context,android.util.AttributeSet)
androidx.core.view.WindowInsetsCompat$Impl: int hashCode()
com.google.android.material.chip.ChipGroup: int getChipSpacingVertical()
androidx.constraintlayout.motion.widget.MotionHelper: void setProgress(float)
androidx.core.view.WindowInsetsCompat$Impl: androidx.core.graphics.Insets getInsets(int)
androidx.core.view.ViewCompat$Api21Impl: android.graphics.PorterDuff$Mode getBackgroundTintMode(android.view.View)
com.google.android.material.circularreveal.cardview.CircularRevealCardView: void setCircularRevealScrimColor(int)
androidx.appcompat.widget.ViewStubCompat: android.view.LayoutInflater getLayoutInflater()
androidx.recyclerview.widget.RecyclerView: void setAccessibilityDelegateCompat(androidx.recyclerview.widget.RecyclerViewAccessibilityDelegate)
androidx.cardview.widget.CardView: int getContentPaddingLeft()
com.google.android.gms.measurement.internal.AppMeasurementDynamiteService: void generateEventId(com.google.android.gms.internal.measurement.zzcf)
androidx.core.view.ViewCompat$Api17Impl: int getLayoutDirection(android.view.View)
com.google.android.material.floatingactionbutton.FloatingActionButton: float getCompatHoveredFocusedTranslationZ()