Fuentes/Implementacion/LCQNV/app/build/outputs/mapping/release/usage.txt
com.example.lascosasquenovemos.BuildConfig
com.example.lascosasquenovemos.R$color
com.example.lascosasquenovemos.R$drawable
com.example.lascosasquenovemos.R$id
com.example.lascosasquenovemos.R$layout
com.example.lascosasquenovemos.R$mipmap
com.example.lascosasquenovemos.R$string
com.example.lascosasquenovemos.R$style
com.example.lascosasquenovemos.R
com.example.lascosasquenovemos.PruebaElemsAndroid:
    public static void access$000(com.example.lascosasquenovemos.PruebaElemsAndroid)
    public static void access$100(com.example.lascosasquenovemos.PruebaElemsAndroid)
    public static void access$200(com.example.lascosasquenovemos.PruebaElemsAndroid)
    public final void imagenFunciones()
    public final void inicilizar()
    public final void pasarPantalla()
    public final void validar()
com.example.lascosasquenovemos.PruebaEscribirBD$1$1:
    public final synthetic com.example.lascosasquenovemos.PruebaEscribirBD$1 this$1
com.example.lascosasquenovemos.PruebaEscribirBD:
    public static synthetic com.google.firebase.database.DatabaseReference access$000(com.example.lascosasquenovemos.PruebaEscribirBD)
    public static synthetic android.content.Intent access$100(com.example.lascosasquenovemos.PruebaEscribirBD)
    public static synthetic android.content.Intent access$102(com.example.lascosasquenovemos.PruebaEscribirBD,android.content.Intent)
com.example.lascosasquenovemos.PruebaLeerBD:
    public static synthetic com.google.firebase.database.DatabaseReference access$000(com.example.lascosasquenovemos.PruebaLeerBD)
...
com.google.android.gms.internal.measurement.zzek:
    public final com.google.android.gms.internal.measurement.zzek zza(java.lang.String)
com.google.android.gms.internal.measurement.zzem:
    private synthetic void $r8$constructor$com$google$android$gms$internal$measurement$zzem()
    private synthetic void $r8$constructor$com$google$android$gms$internal$measurement$zzgl()
com.google.android.gms.internal.measurement.zzen
com.google.android.gms.internal.measurement.zzep:
    public static final com.google.android.gms.internal.measurement.zzka zza
    public static void <clinit>()
com.google.android.gms.internal.measurement.zzer:
    public final com.google.android.gms.internal.measurement.zzer zza(java.lang.String)
com.google.android.gms.internal.measurement.zzet:
    private synthetic void $r8$constructor$com$google$android$gms$internal$measurement$zzet()
    private synthetic void $r8$constructor$com$google$android$gms$internal$measurement$zzfd()
    private synthetic void $r8$constructor$com$google$android$gms$internal$measurement$zzft()
    private synthetic void $r8$constructor$com$google$android$gms$internal$measurement$zzgj()
    private synthetic void $r8$constructor$com$google$android$gms$internal$measurement$zzgp()
com.google.android.gms.internal.measurement.zzeu
com.google.android.gms.internal.measurement.zzew:
    public static final com.google.android.gms.internal.measurement.zzka zza
    public static void <clinit>()
com.google.android.gms.internal.measurement.zzey
com.google.android.gms.internal.measurement.zzez:
    public final com.google.android.gms.internal.measurement.zzez zzb(java.lang.String)
    public final boolean zzd()
    public final boolean zze()
    public final boolean zzf()
    public final boolean zzg()
    public final boolean zzh()
com.google.android.gms.internal.measurement.zzfb:
    public final int zza()
    public final com.google.android.gms.internal.measurement.zzfa zzb(int)
    public final com.google.android.gms.internal.measurement.zzfb zzc()
    public final com.google.android.gms.internal.measurement.zzfb zzd(int,com.google.android.gms.internal.measurement.zzez)
    public final java.util.List zze()
com.google.android.gms.internal.measurement.zzfd
com.google.android.gms.internal.measurement.zzff
com.google.android.gms.internal.measurement.zzfh:
    private synthetic void $r8$constructor$com$google$android$gms$internal$measurement$zzfh()
    private synthetic void $r8$constructor$com$google$android$gms$internal$measurement$zzgn()
com.google.android.gms.internal.measurement.zzfj:
    public final com.google.android.gms.internal.measurement.zzfj zza(int)
    public final com.google.android.gms.internal.measurement.zzfj zzb(com.google.android.gms.internal.measurement.zzgc)
    public final com.google.android.gms.internal.measurement.zzfj zzc(boolean)
    public final com.google.android.gms.internal.measurement.zzfj zzd(com.google.android.gms.internal.measurement.zzgd)
com.google.android.gms.internal.measurement.zzfl:
    public final com.google.android.gms.internal.measurement.zzfl zza(long)
    public final com.google.android.gms.internal.measurement.zzfl zzb(int)
com.google.android.gms.internal.measurement.zzfn:
    public final com.google.android.gms.internal.measurement.zzfn zzd(java.lang.Iterable)
    public final com.google.android.gms.internal.measurement.zzfn zzf(com.google.android.gms.internal.measurement.zzfs)
    public final com.google.android.gms.internal.measurement.zzfn zzg()
    public final com.google.android.gms.internal.measurement.zzfn zzj(int,com.google.android.gms.internal.measurement.zzfr)
    public final com.google.android.gms.internal.measurement.zzfn zzl(long)
    public final com.google.android.gms.internal.measurement.zzfn zzm(long)
    public final boolean zzq()